{"numFailedTestSuites":3,"numFailedTests":9,"numPassedTestSuites":1,"numPassedTests":12,"numPendingTestSuites":0,"numPendingTests":0,"numRuntimeErrorTestSuites":0,"numTodoTests":0,"numTotalTestSuites":4,"numTotalTests":21,"openHandles":[],"snapshot":{"added":0,"didUpdate":false,"failure":false,"filesAdded":0,"filesRemoved":0,"filesRemovedList":[],"filesUnmatched":0,"filesUpdated":0,"matched":0,"total":0,"unchecked":0,"uncheckedKeysByFile":[],"unmatched":0,"updated":0},"startTime":1626077372719,"success":false,"testResults":[{"assertionResults":[{"ancestorTitles":["Table","when the column has custom comparator"],"failureMessages":["Error: \u001b[2mexpect(\u001b[22m\u001b[31mreceived\u001b[39m\u001b[2m).\u001b[22mtoEqual\u001b[2m(\u001b[22m\u001b[32mexpected\u001b[39m\u001b[2m) // deep equality\u001b[22m\n\n\u001b[32m- Expected  - 2\u001b[39m\n\u001b[31m+ Received  + 2\u001b[39m\n\n\u001b[2m  Array [\u001b[22m\n\u001b[32m-   \"Maura\",\u001b[39m\n\u001b[32m-   \"Ludo\",\u001b[39m\n\u001b[2m    \"Jon\",\u001b[22m\n\u001b[31m+   \"Ludo\",\u001b[39m\n\u001b[2m    \"Filip\",\u001b[22m\n\u001b[31m+   \"Maura\",\u001b[39m\n\u001b[2m  ]\u001b[22m\n    at Object.<anonymous> (C:\\Users\\Jon\\source\\repos\\table-technical-interview\\src\\stories\\Table.custom.comparator.spec.tsx:28:21)\n    at Promise.then.completed (C:\\Users\\Jon\\source\\repos\\table-technical-interview\\node_modules\\jest-circus\\build\\utils.js:276:28)\n    at new Promise (<anonymous>)\n    at callAsyncCircusFn (C:\\Users\\Jon\\source\\repos\\table-technical-interview\\node_modules\\jest-circus\\build\\utils.js:216:10)\n    at _callCircusTest (C:\\Users\\Jon\\source\\repos\\table-technical-interview\\node_modules\\jest-circus\\build\\run.js:212:40)\n    at processTicksAndRejections (internal/process/task_queues.js:95:5)\n    at _runTest (C:\\Users\\Jon\\source\\repos\\table-technical-interview\\node_modules\\jest-circus\\build\\run.js:149:3)\n    at _runTestsForDescribeBlock (C:\\Users\\Jon\\source\\repos\\table-technical-interview\\node_modules\\jest-circus\\build\\run.js:63:9)\n    at _runTestsForDescribeBlock (C:\\Users\\Jon\\source\\repos\\table-technical-interview\\node_modules\\jest-circus\\build\\run.js:57:9)\n    at _runTestsForDescribeBlock (C:\\Users\\Jon\\source\\repos\\table-technical-interview\\node_modules\\jest-circus\\build\\run.js:57:9)\n    at run (C:\\Users\\Jon\\source\\repos\\table-technical-interview\\node_modules\\jest-circus\\build\\run.js:25:3)\n    at runAndTransformResultsToJestFormat (C:\\Users\\Jon\\source\\repos\\table-technical-interview\\node_modules\\jest-circus\\build\\legacy-code-todo-rewrite\\jestAdapterInit.js:176:21)\n    at jestAdapter (C:\\Users\\Jon\\source\\repos\\table-technical-interview\\node_modules\\jest-circus\\build\\legacy-code-todo-rewrite\\jestAdapter.js:109:19)\n    at runTestInternal (C:\\Users\\Jon\\source\\repos\\table-technical-interview\\node_modules\\jest-runner\\build\\runTest.js:380:16)\n    at runTest (C:\\Users\\Jon\\source\\repos\\table-technical-interview\\node_modules\\jest-runner\\build\\runTest.js:472:34)\n    at Object.worker (C:\\Users\\Jon\\source\\repos\\table-technical-interview\\node_modules\\jest-runner\\build\\testWorker.js:133:12)"],"fullName":"Table when the column has custom comparator should sort in descending order with reverse custom logic","location":null,"status":"failed","title":"should sort in descending order with reverse custom logic"},{"ancestorTitles":["Table","when the column has custom comparator"],"failureMessages":["Error: \u001b[2mexpect(\u001b[22m\u001b[31mreceived\u001b[39m\u001b[2m).\u001b[22mtoEqual\u001b[2m(\u001b[22m\u001b[32mexpected\u001b[39m\u001b[2m) // deep equality\u001b[22m\n\n\u001b[32m- Expected  - 1\u001b[39m\n\u001b[31m+ Received  + 1\u001b[39m\n\n\u001b[2m  Array [\u001b[22m\n\u001b[32m-   \"Filip\",\u001b[39m\n\u001b[2m    \"Jon\",\u001b[22m\n\u001b[2m    \"Ludo\",\u001b[22m\n\u001b[31m+   \"Filip\",\u001b[39m\n\u001b[2m    \"Maura\",\u001b[22m\n\u001b[2m  ]\u001b[22m\n    at Object.<anonymous> (C:\\Users\\Jon\\source\\repos\\table-technical-interview\\src\\stories\\Table.custom.comparator.spec.tsx:43:21)\n    at Promise.then.completed (C:\\Users\\Jon\\source\\repos\\table-technical-interview\\node_modules\\jest-circus\\build\\utils.js:276:28)\n    at new Promise (<anonymous>)\n    at callAsyncCircusFn (C:\\Users\\Jon\\source\\repos\\table-technical-interview\\node_modules\\jest-circus\\build\\utils.js:216:10)\n    at _callCircusTest (C:\\Users\\Jon\\source\\repos\\table-technical-interview\\node_modules\\jest-circus\\build\\run.js:212:40)\n    at processTicksAndRejections (internal/process/task_queues.js:95:5)\n    at _runTest (C:\\Users\\Jon\\source\\repos\\table-technical-interview\\node_modules\\jest-circus\\build\\run.js:149:3)\n    at _runTestsForDescribeBlock (C:\\Users\\Jon\\source\\repos\\table-technical-interview\\node_modules\\jest-circus\\build\\run.js:63:9)\n    at _runTestsForDescribeBlock (C:\\Users\\Jon\\source\\repos\\table-technical-interview\\node_modules\\jest-circus\\build\\run.js:57:9)\n    at _runTestsForDescribeBlock (C:\\Users\\Jon\\source\\repos\\table-technical-interview\\node_modules\\jest-circus\\build\\run.js:57:9)\n    at run (C:\\Users\\Jon\\source\\repos\\table-technical-interview\\node_modules\\jest-circus\\build\\run.js:25:3)\n    at runAndTransformResultsToJestFormat (C:\\Users\\Jon\\source\\repos\\table-technical-interview\\node_modules\\jest-circus\\build\\legacy-code-todo-rewrite\\jestAdapterInit.js:176:21)\n    at jestAdapter (C:\\Users\\Jon\\source\\repos\\table-technical-interview\\node_modules\\jest-circus\\build\\legacy-code-todo-rewrite\\jestAdapter.js:109:19)\n    at runTestInternal (C:\\Users\\Jon\\source\\repos\\table-technical-interview\\node_modules\\jest-runner\\build\\runTest.js:380:16)\n    at runTest (C:\\Users\\Jon\\source\\repos\\table-technical-interview\\node_modules\\jest-runner\\build\\runTest.js:472:34)\n    at Object.worker (C:\\Users\\Jon\\source\\repos\\table-technical-interview\\node_modules\\jest-runner\\build\\testWorker.js:133:12)"],"fullName":"Table when the column has custom comparator should sort in ascending order with reverse custom logic","location":null,"status":"failed","title":"should sort in ascending order with reverse custom logic"}],"endTime":1626077378922,"message":"\u001b[1m\u001b[31m  \u001b[1m● \u001b[22m\u001b[1mTable › when the column has custom comparator › should sort in descending order with reverse custom logic\u001b[39m\u001b[22m\n\n    \u001b[2mexpect(\u001b[22m\u001b[31mreceived\u001b[39m\u001b[2m).\u001b[22mtoEqual\u001b[2m(\u001b[22m\u001b[32mexpected\u001b[39m\u001b[2m) // deep equality\u001b[22m\n\n    \u001b[32m- Expected  - 2\u001b[39m\n    \u001b[31m+ Received  + 2\u001b[39m\n\n    \u001b[2m  Array [\u001b[22m\n    \u001b[32m-   \"Maura\",\u001b[39m\n    \u001b[32m-   \"Ludo\",\u001b[39m\n    \u001b[2m    \"Jon\",\u001b[22m\n    \u001b[31m+   \"Ludo\",\u001b[39m\n    \u001b[2m    \"Filip\",\u001b[22m\n    \u001b[31m+   \"Maura\",\u001b[39m\n    \u001b[2m  ]\u001b[22m\n\u001b[2m\u001b[22m\n\u001b[2m    \u001b[0m \u001b[90m 26 |\u001b[39m       \u001b[90m//assert\u001b[39m\u001b[0m\u001b[22m\n\u001b[2m    \u001b[0m \u001b[90m 27 |\u001b[39m       expect(texts\u001b[33m.\u001b[39mlength)\u001b[33m.\u001b[39mtoBeGreaterThan(\u001b[35m0\u001b[39m)\u001b[33m;\u001b[39m\u001b[0m\u001b[22m\n\u001b[2m    \u001b[0m\u001b[31m\u001b[1m>\u001b[22m\u001b[2m\u001b[39m\u001b[90m 28 |\u001b[39m       expect(texts)\u001b[33m.\u001b[39mtoEqual([\u001b[32m'Maura'\u001b[39m\u001b[33m,\u001b[39m \u001b[32m'Ludo'\u001b[39m\u001b[33m,\u001b[39m \u001b[32m'Jon'\u001b[39m\u001b[33m,\u001b[39m \u001b[32m'Filip'\u001b[39m])\u001b[33m;\u001b[39m\u001b[0m\u001b[22m\n\u001b[2m    \u001b[0m \u001b[90m    |\u001b[39m                     \u001b[31m\u001b[1m^\u001b[22m\u001b[2m\u001b[39m\u001b[0m\u001b[22m\n\u001b[2m    \u001b[0m \u001b[90m 29 |\u001b[39m     })\u001b[33m;\u001b[39m\u001b[0m\u001b[22m\n\u001b[2m    \u001b[0m \u001b[90m 30 |\u001b[39m\u001b[0m\u001b[22m\n\u001b[2m    \u001b[0m \u001b[90m 31 |\u001b[39m     it(\u001b[32m'should sort in ascending order with reverse custom logic'\u001b[39m\u001b[33m,\u001b[39m () \u001b[33m=>\u001b[39m {\u001b[0m\u001b[22m\n\u001b[2m\u001b[22m\n\u001b[2m      \u001b[2mat Object.<anonymous> (\u001b[22m\u001b[2m\u001b[0m\u001b[36msrc/stories/Table.custom.comparator.spec.tsx\u001b[39m\u001b[0m\u001b[2m:28:21)\u001b[22m\u001b[2m\u001b[22m\n\n\u001b[1m\u001b[31m  \u001b[1m● \u001b[22m\u001b[1mTable › when the column has custom comparator › should sort in ascending order with reverse custom logic\u001b[39m\u001b[22m\n\n    \u001b[2mexpect(\u001b[22m\u001b[31mreceived\u001b[39m\u001b[2m).\u001b[22mtoEqual\u001b[2m(\u001b[22m\u001b[32mexpected\u001b[39m\u001b[2m) // deep equality\u001b[22m\n\n    \u001b[32m- Expected  - 1\u001b[39m\n    \u001b[31m+ Received  + 1\u001b[39m\n\n    \u001b[2m  Array [\u001b[22m\n    \u001b[32m-   \"Filip\",\u001b[39m\n    \u001b[2m    \"Jon\",\u001b[22m\n    \u001b[2m    \"Ludo\",\u001b[22m\n    \u001b[31m+   \"Filip\",\u001b[39m\n    \u001b[2m    \"Maura\",\u001b[22m\n    \u001b[2m  ]\u001b[22m\n\u001b[2m\u001b[22m\n\u001b[2m    \u001b[0m \u001b[90m 41 |\u001b[39m       \u001b[90m//assert\u001b[39m\u001b[0m\u001b[22m\n\u001b[2m    \u001b[0m \u001b[90m 42 |\u001b[39m       expect(texts\u001b[33m.\u001b[39mlength)\u001b[33m.\u001b[39mtoBeGreaterThan(\u001b[35m0\u001b[39m)\u001b[33m;\u001b[39m\u001b[0m\u001b[22m\n\u001b[2m    \u001b[0m\u001b[31m\u001b[1m>\u001b[22m\u001b[2m\u001b[39m\u001b[90m 43 |\u001b[39m       expect(texts)\u001b[33m.\u001b[39mtoEqual([\u001b[32m'Filip'\u001b[39m\u001b[33m,\u001b[39m \u001b[32m'Jon'\u001b[39m\u001b[33m,\u001b[39m \u001b[32m'Ludo'\u001b[39m\u001b[33m,\u001b[39m \u001b[32m'Maura'\u001b[39m])\u001b[33m;\u001b[39m\u001b[0m\u001b[22m\n\u001b[2m    \u001b[0m \u001b[90m    |\u001b[39m                     \u001b[31m\u001b[1m^\u001b[22m\u001b[2m\u001b[39m\u001b[0m\u001b[22m\n\u001b[2m    \u001b[0m \u001b[90m 44 |\u001b[39m     })\u001b[33m;\u001b[39m\u001b[0m\u001b[22m\n\u001b[2m    \u001b[0m \u001b[90m 45 |\u001b[39m   })\u001b[33m;\u001b[39m\u001b[0m\u001b[22m\n\u001b[2m    \u001b[0m \u001b[90m 46 |\u001b[39m })\u001b[33m;\u001b[39m\u001b[0m\u001b[22m\n\u001b[2m\u001b[22m\n\u001b[2m      \u001b[2mat Object.<anonymous> (\u001b[22m\u001b[2m\u001b[0m\u001b[36msrc/stories/Table.custom.comparator.spec.tsx\u001b[39m\u001b[0m\u001b[2m:43:21)\u001b[22m\u001b[2m\u001b[22m\n","name":"C:\\Users\\Jon\\source\\repos\\table-technical-interview\\src\\stories\\Table.custom.comparator.spec.tsx","startTime":1626077375114,"status":"failed","summary":""},{"assertionResults":[{"ancestorTitles":["Table","in Basic state"],"failureMessages":[],"fullName":"Table in Basic state should render with empty array","location":null,"status":"passed","title":"should render with empty array"},{"ancestorTitles":["Table","in Basic state"],"failureMessages":[],"fullName":"Table in Basic state should render with non empty array","location":null,"status":"passed","title":"should render with non empty array"},{"ancestorTitles":["Table","in Basic state"],"failureMessages":[],"fullName":"Table in Basic state should render 4 rows","location":null,"status":"passed","title":"should render 4 rows"},{"ancestorTitles":["Table","in Basic state"],"failureMessages":[],"fullName":"Table in Basic state should render 2 columns","location":null,"status":"passed","title":"should render 2 columns"},{"ancestorTitles":["Table","in Basic state"],"failureMessages":[],"fullName":"Table in Basic state should not render the \"Age\" column","location":null,"status":"passed","title":"should not render the \"Age\" column"},{"ancestorTitles":["Table","in Basic state"],"failureMessages":[],"fullName":"Table in Basic state should render the \"Name\" column","location":null,"status":"passed","title":"should render the \"Name\" column"},{"ancestorTitles":["Table","in Basic state"],"failureMessages":[],"fullName":"Table in Basic state should render the \"Department\" column","location":null,"status":"passed","title":"should render the \"Department\" column"}],"endTime":1626077378981,"message":"","name":"C:\\Users\\Jon\\source\\repos\\table-technical-interview\\src\\stories\\Table.custom.basic.spec.tsx","startTime":1626077375096,"status":"passed","summary":""},{"assertionResults":[{"ancestorTitles":["Table","in Basic state"],"failureMessages":[],"fullName":"Table in Basic state should render with empty array","location":null,"status":"passed","title":"should render with empty array"},{"ancestorTitles":["Table","in Basic state"],"failureMessages":[],"fullName":"Table in Basic state should render with non empty array","location":null,"status":"passed","title":"should render with non empty array"},{"ancestorTitles":["Table","in Basic state"],"failureMessages":[],"fullName":"Table in Basic state should render 4 rows","location":null,"status":"passed","title":"should render 4 rows"},{"ancestorTitles":["Table","in Basic state"],"failureMessages":[],"fullName":"Table in Basic state should render 3 columns","location":null,"status":"passed","title":"should render 3 columns"},{"ancestorTitles":["Table","in Basic state"],"failureMessages":["Error: \u001b[2mexpect(\u001b[22m\u001b[31mreceived\u001b[39m\u001b[2m).\u001b[22mtoBe\u001b[2m(\u001b[22m\u001b[32mexpected\u001b[39m\u001b[2m) // Object.is equality\u001b[22m\n\nExpected: \u001b[32m0\u001b[39m\nReceived: \u001b[31m6\u001b[39m\n    at Object.<anonymous> (C:\\Users\\Jon\\source\\repos\\table-technical-interview\\src\\stories\\Table.default.basic.spec.tsx:50:30)\n    at Promise.then.completed (C:\\Users\\Jon\\source\\repos\\table-technical-interview\\node_modules\\jest-circus\\build\\utils.js:276:28)\n    at new Promise (<anonymous>)\n    at callAsyncCircusFn (C:\\Users\\Jon\\source\\repos\\table-technical-interview\\node_modules\\jest-circus\\build\\utils.js:216:10)\n    at _callCircusTest (C:\\Users\\Jon\\source\\repos\\table-technical-interview\\node_modules\\jest-circus\\build\\run.js:212:40)\n    at processTicksAndRejections (internal/process/task_queues.js:95:5)\n    at _runTest (C:\\Users\\Jon\\source\\repos\\table-technical-interview\\node_modules\\jest-circus\\build\\run.js:149:3)\n    at _runTestsForDescribeBlock (C:\\Users\\Jon\\source\\repos\\table-technical-interview\\node_modules\\jest-circus\\build\\run.js:63:9)\n    at _runTestsForDescribeBlock (C:\\Users\\Jon\\source\\repos\\table-technical-interview\\node_modules\\jest-circus\\build\\run.js:57:9)\n    at _runTestsForDescribeBlock (C:\\Users\\Jon\\source\\repos\\table-technical-interview\\node_modules\\jest-circus\\build\\run.js:57:9)\n    at run (C:\\Users\\Jon\\source\\repos\\table-technical-interview\\node_modules\\jest-circus\\build\\run.js:25:3)\n    at runAndTransformResultsToJestFormat (C:\\Users\\Jon\\source\\repos\\table-technical-interview\\node_modules\\jest-circus\\build\\legacy-code-todo-rewrite\\jestAdapterInit.js:176:21)\n    at jestAdapter (C:\\Users\\Jon\\source\\repos\\table-technical-interview\\node_modules\\jest-circus\\build\\legacy-code-todo-rewrite\\jestAdapter.js:109:19)\n    at runTestInternal (C:\\Users\\Jon\\source\\repos\\table-technical-interview\\node_modules\\jest-runner\\build\\runTest.js:380:16)\n    at runTest (C:\\Users\\Jon\\source\\repos\\table-technical-interview\\node_modules\\jest-runner\\build\\runTest.js:472:34)\n    at Object.worker (C:\\Users\\Jon\\source\\repos\\table-technical-interview\\node_modules\\jest-runner\\build\\testWorker.js:133:12)"],"fullName":"Table in Basic state should not render sort actions","location":null,"status":"failed","title":"should not render sort actions"}],"endTime":1626077379019,"message":"\u001b[1m\u001b[31m  \u001b[1m● \u001b[22m\u001b[1mTable › in Basic state › should not render sort actions\u001b[39m\u001b[22m\n\n    \u001b[2mexpect(\u001b[22m\u001b[31mreceived\u001b[39m\u001b[2m).\u001b[22mtoBe\u001b[2m(\u001b[22m\u001b[32mexpected\u001b[39m\u001b[2m) // Object.is equality\u001b[22m\n\n    Expected: \u001b[32m0\u001b[39m\n    Received: \u001b[31m6\u001b[39m\n\u001b[2m\u001b[22m\n\u001b[2m    \u001b[0m \u001b[90m 48 |\u001b[39m\u001b[0m\u001b[22m\n\u001b[2m    \u001b[0m \u001b[90m 49 |\u001b[39m       \u001b[90m//expect\u001b[39m\u001b[0m\u001b[22m\n\u001b[2m    \u001b[0m\u001b[31m\u001b[1m>\u001b[22m\u001b[2m\u001b[39m\u001b[90m 50 |\u001b[39m       expect(actions\u001b[33m.\u001b[39mlength)\u001b[33m.\u001b[39mtoBe(\u001b[35m0\u001b[39m)\u001b[33m;\u001b[39m\u001b[0m\u001b[22m\n\u001b[2m    \u001b[0m \u001b[90m    |\u001b[39m                              \u001b[31m\u001b[1m^\u001b[22m\u001b[2m\u001b[39m\u001b[0m\u001b[22m\n\u001b[2m    \u001b[0m \u001b[90m 51 |\u001b[39m     })\u001b[33m;\u001b[39m\u001b[0m\u001b[22m\n\u001b[2m    \u001b[0m \u001b[90m 52 |\u001b[39m   })\u001b[33m;\u001b[39m\u001b[0m\u001b[22m\n\u001b[2m    \u001b[0m \u001b[90m 53 |\u001b[39m })\u001b[33m;\u001b[39m\u001b[0m\u001b[22m\n\u001b[2m\u001b[22m\n\u001b[2m      \u001b[2mat Object.<anonymous> (\u001b[22m\u001b[2m\u001b[0m\u001b[36msrc/stories/Table.default.basic.spec.tsx\u001b[39m\u001b[0m\u001b[2m:50:30)\u001b[22m\u001b[2m\u001b[22m\n","name":"C:\\Users\\Jon\\source\\repos\\table-technical-interview\\src\\stories\\Table.default.basic.spec.tsx","startTime":1626077375112,"status":"failed","summary":""},{"assertionResults":[{"ancestorTitles":["Table","in Sortable state"],"failureMessages":[],"fullName":"Table in Sortable state should render sort actions for all the columns","location":null,"status":"passed","title":"should render sort actions for all the columns"},{"ancestorTitles":["Table","in Sortable state","should sort the \"Name\" column"],"failureMessages":["Error: Expected [Ludo,Filip,Jon,Maura] to be sorted in ascending order\n    at Object.<anonymous> (C:\\Users\\Jon\\source\\repos\\table-technical-interview\\src\\stories\\Table.default.sortable.spec.tsx:40:23)\n    at Promise.then.completed (C:\\Users\\Jon\\source\\repos\\table-technical-interview\\node_modules\\jest-circus\\build\\utils.js:276:28)\n    at new Promise (<anonymous>)\n    at callAsyncCircusFn (C:\\Users\\Jon\\source\\repos\\table-technical-interview\\node_modules\\jest-circus\\build\\utils.js:216:10)\n    at _callCircusTest (C:\\Users\\Jon\\source\\repos\\table-technical-interview\\node_modules\\jest-circus\\build\\run.js:212:40)\n    at processTicksAndRejections (internal/process/task_queues.js:95:5)\n    at _runTest (C:\\Users\\Jon\\source\\repos\\table-technical-interview\\node_modules\\jest-circus\\build\\run.js:149:3)\n    at _runTestsForDescribeBlock (C:\\Users\\Jon\\source\\repos\\table-technical-interview\\node_modules\\jest-circus\\build\\run.js:63:9)\n    at _runTestsForDescribeBlock (C:\\Users\\Jon\\source\\repos\\table-technical-interview\\node_modules\\jest-circus\\build\\run.js:57:9)\n    at _runTestsForDescribeBlock (C:\\Users\\Jon\\source\\repos\\table-technical-interview\\node_modules\\jest-circus\\build\\run.js:57:9)\n    at _runTestsForDescribeBlock (C:\\Users\\Jon\\source\\repos\\table-technical-interview\\node_modules\\jest-circus\\build\\run.js:57:9)\n    at run (C:\\Users\\Jon\\source\\repos\\table-technical-interview\\node_modules\\jest-circus\\build\\run.js:25:3)\n    at runAndTransformResultsToJestFormat (C:\\Users\\Jon\\source\\repos\\table-technical-interview\\node_modules\\jest-circus\\build\\legacy-code-todo-rewrite\\jestAdapterInit.js:176:21)\n    at jestAdapter (C:\\Users\\Jon\\source\\repos\\table-technical-interview\\node_modules\\jest-circus\\build\\legacy-code-todo-rewrite\\jestAdapter.js:109:19)\n    at runTestInternal (C:\\Users\\Jon\\source\\repos\\table-technical-interview\\node_modules\\jest-runner\\build\\runTest.js:380:16)\n    at runTest (C:\\Users\\Jon\\source\\repos\\table-technical-interview\\node_modules\\jest-runner\\build\\runTest.js:472:34)\n    at Object.worker (C:\\Users\\Jon\\source\\repos\\table-technical-interview\\node_modules\\jest-runner\\build\\testWorker.js:133:12)"],"fullName":"Table in Sortable state should sort the \"Name\" column in ascending order","location":null,"status":"failed","title":"in ascending order"},{"ancestorTitles":["Table","in Sortable state","should sort the \"Name\" column"],"failureMessages":["Error: Expected [Ludo,Filip,Jon,Maura] to be sorted in descending order\n    at Object.<anonymous> (C:\\Users\\Jon\\source\\repos\\table-technical-interview\\src\\stories\\Table.default.sortable.spec.tsx:55:23)\n    at Promise.then.completed (C:\\Users\\Jon\\source\\repos\\table-technical-interview\\node_modules\\jest-circus\\build\\utils.js:276:28)\n    at new Promise (<anonymous>)\n    at callAsyncCircusFn (C:\\Users\\Jon\\source\\repos\\table-technical-interview\\node_modules\\jest-circus\\build\\utils.js:216:10)\n    at _callCircusTest (C:\\Users\\Jon\\source\\repos\\table-technical-interview\\node_modules\\jest-circus\\build\\run.js:212:40)\n    at processTicksAndRejections (internal/process/task_queues.js:95:5)\n    at _runTest (C:\\Users\\Jon\\source\\repos\\table-technical-interview\\node_modules\\jest-circus\\build\\run.js:149:3)\n    at _runTestsForDescribeBlock (C:\\Users\\Jon\\source\\repos\\table-technical-interview\\node_modules\\jest-circus\\build\\run.js:63:9)\n    at _runTestsForDescribeBlock (C:\\Users\\Jon\\source\\repos\\table-technical-interview\\node_modules\\jest-circus\\build\\run.js:57:9)\n    at _runTestsForDescribeBlock (C:\\Users\\Jon\\source\\repos\\table-technical-interview\\node_modules\\jest-circus\\build\\run.js:57:9)\n    at _runTestsForDescribeBlock (C:\\Users\\Jon\\source\\repos\\table-technical-interview\\node_modules\\jest-circus\\build\\run.js:57:9)\n    at run (C:\\Users\\Jon\\source\\repos\\table-technical-interview\\node_modules\\jest-circus\\build\\run.js:25:3)\n    at runAndTransformResultsToJestFormat (C:\\Users\\Jon\\source\\repos\\table-technical-interview\\node_modules\\jest-circus\\build\\legacy-code-todo-rewrite\\jestAdapterInit.js:176:21)\n    at jestAdapter (C:\\Users\\Jon\\source\\repos\\table-technical-interview\\node_modules\\jest-circus\\build\\legacy-code-todo-rewrite\\jestAdapter.js:109:19)\n    at runTestInternal (C:\\Users\\Jon\\source\\repos\\table-technical-interview\\node_modules\\jest-runner\\build\\runTest.js:380:16)\n    at runTest (C:\\Users\\Jon\\source\\repos\\table-technical-interview\\node_modules\\jest-runner\\build\\runTest.js:472:34)\n    at Object.worker (C:\\Users\\Jon\\source\\repos\\table-technical-interview\\node_modules\\jest-runner\\build\\testWorker.js:133:12)"],"fullName":"Table in Sortable state should sort the \"Name\" column in descending order","location":null,"status":"failed","title":"in descending order"},{"ancestorTitles":["Table","in Sortable state","should sort the \"Age\" column"],"failureMessages":["Error: Expected [26,27,30,27] to be sorted in ascending order\n    at Object.<anonymous> (C:\\Users\\Jon\\source\\repos\\table-technical-interview\\src\\stories\\Table.default.sortable.spec.tsx:82:23)\n    at Promise.then.completed (C:\\Users\\Jon\\source\\repos\\table-technical-interview\\node_modules\\jest-circus\\build\\utils.js:276:28)\n    at new Promise (<anonymous>)\n    at callAsyncCircusFn (C:\\Users\\Jon\\source\\repos\\table-technical-interview\\node_modules\\jest-circus\\build\\utils.js:216:10)\n    at _callCircusTest (C:\\Users\\Jon\\source\\repos\\table-technical-interview\\node_modules\\jest-circus\\build\\run.js:212:40)\n    at processTicksAndRejections (internal/process/task_queues.js:95:5)\n    at _runTest (C:\\Users\\Jon\\source\\repos\\table-technical-interview\\node_modules\\jest-circus\\build\\run.js:149:3)\n    at _runTestsForDescribeBlock (C:\\Users\\Jon\\source\\repos\\table-technical-interview\\node_modules\\jest-circus\\build\\run.js:63:9)\n    at _runTestsForDescribeBlock (C:\\Users\\Jon\\source\\repos\\table-technical-interview\\node_modules\\jest-circus\\build\\run.js:57:9)\n    at _runTestsForDescribeBlock (C:\\Users\\Jon\\source\\repos\\table-technical-interview\\node_modules\\jest-circus\\build\\run.js:57:9)\n    at _runTestsForDescribeBlock (C:\\Users\\Jon\\source\\repos\\table-technical-interview\\node_modules\\jest-circus\\build\\run.js:57:9)\n    at run (C:\\Users\\Jon\\source\\repos\\table-technical-interview\\node_modules\\jest-circus\\build\\run.js:25:3)\n    at runAndTransformResultsToJestFormat (C:\\Users\\Jon\\source\\repos\\table-technical-interview\\node_modules\\jest-circus\\build\\legacy-code-todo-rewrite\\jestAdapterInit.js:176:21)\n    at jestAdapter (C:\\Users\\Jon\\source\\repos\\table-technical-interview\\node_modules\\jest-circus\\build\\legacy-code-todo-rewrite\\jestAdapter.js:109:19)\n    at runTestInternal (C:\\Users\\Jon\\source\\repos\\table-technical-interview\\node_modules\\jest-runner\\build\\runTest.js:380:16)\n    at runTest (C:\\Users\\Jon\\source\\repos\\table-technical-interview\\node_modules\\jest-runner\\build\\runTest.js:472:34)\n    at Object.worker (C:\\Users\\Jon\\source\\repos\\table-technical-interview\\node_modules\\jest-runner\\build\\testWorker.js:133:12)"],"fullName":"Table in Sortable state should sort the \"Age\" column in ascending order","location":null,"status":"failed","title":"in ascending order"},{"ancestorTitles":["Table","in Sortable state","should sort the \"Age\" column"],"failureMessages":["Error: Expected [26,27,30,27] to be sorted in descending order\n    at Object.<anonymous> (C:\\Users\\Jon\\source\\repos\\table-technical-interview\\src\\stories\\Table.default.sortable.spec.tsx:97:23)\n    at Promise.then.completed (C:\\Users\\Jon\\source\\repos\\table-technical-interview\\node_modules\\jest-circus\\build\\utils.js:276:28)\n    at new Promise (<anonymous>)\n    at callAsyncCircusFn (C:\\Users\\Jon\\source\\repos\\table-technical-interview\\node_modules\\jest-circus\\build\\utils.js:216:10)\n    at _callCircusTest (C:\\Users\\Jon\\source\\repos\\table-technical-interview\\node_modules\\jest-circus\\build\\run.js:212:40)\n    at processTicksAndRejections (internal/process/task_queues.js:95:5)\n    at _runTest (C:\\Users\\Jon\\source\\repos\\table-technical-interview\\node_modules\\jest-circus\\build\\run.js:149:3)\n    at _runTestsForDescribeBlock (C:\\Users\\Jon\\source\\repos\\table-technical-interview\\node_modules\\jest-circus\\build\\run.js:63:9)\n    at _runTestsForDescribeBlock (C:\\Users\\Jon\\source\\repos\\table-technical-interview\\node_modules\\jest-circus\\build\\run.js:57:9)\n    at _runTestsForDescribeBlock (C:\\Users\\Jon\\source\\repos\\table-technical-interview\\node_modules\\jest-circus\\build\\run.js:57:9)\n    at _runTestsForDescribeBlock (C:\\Users\\Jon\\source\\repos\\table-technical-interview\\node_modules\\jest-circus\\build\\run.js:57:9)\n    at run (C:\\Users\\Jon\\source\\repos\\table-technical-interview\\node_modules\\jest-circus\\build\\run.js:25:3)\n    at runAndTransformResultsToJestFormat (C:\\Users\\Jon\\source\\repos\\table-technical-interview\\node_modules\\jest-circus\\build\\legacy-code-todo-rewrite\\jestAdapterInit.js:176:21)\n    at jestAdapter (C:\\Users\\Jon\\source\\repos\\table-technical-interview\\node_modules\\jest-circus\\build\\legacy-code-todo-rewrite\\jestAdapter.js:109:19)\n    at runTestInternal (C:\\Users\\Jon\\source\\repos\\table-technical-interview\\node_modules\\jest-runner\\build\\runTest.js:380:16)\n    at runTest (C:\\Users\\Jon\\source\\repos\\table-technical-interview\\node_modules\\jest-runner\\build\\runTest.js:472:34)\n    at Object.worker (C:\\Users\\Jon\\source\\repos\\table-technical-interview\\node_modules\\jest-runner\\build\\testWorker.js:133:12)"],"fullName":"Table in Sortable state should sort the \"Age\" column in descending order","location":null,"status":"failed","title":"in descending order"},{"ancestorTitles":["Table","in Sortable state","should sort the \"Department\" column"],"failureMessages":["Error: Expected [Software,Product,Software,Legal] to be sorted in ascending order\n    at Object.<anonymous> (C:\\Users\\Jon\\source\\repos\\table-technical-interview\\src\\stories\\Table.default.sortable.spec.tsx:124:23)\n    at Promise.then.completed (C:\\Users\\Jon\\source\\repos\\table-technical-interview\\node_modules\\jest-circus\\build\\utils.js:276:28)\n    at new Promise (<anonymous>)\n    at callAsyncCircusFn (C:\\Users\\Jon\\source\\repos\\table-technical-interview\\node_modules\\jest-circus\\build\\utils.js:216:10)\n    at _callCircusTest (C:\\Users\\Jon\\source\\repos\\table-technical-interview\\node_modules\\jest-circus\\build\\run.js:212:40)\n    at processTicksAndRejections (internal/process/task_queues.js:95:5)\n    at _runTest (C:\\Users\\Jon\\source\\repos\\table-technical-interview\\node_modules\\jest-circus\\build\\run.js:149:3)\n    at _runTestsForDescribeBlock (C:\\Users\\Jon\\source\\repos\\table-technical-interview\\node_modules\\jest-circus\\build\\run.js:63:9)\n    at _runTestsForDescribeBlock (C:\\Users\\Jon\\source\\repos\\table-technical-interview\\node_modules\\jest-circus\\build\\run.js:57:9)\n    at _runTestsForDescribeBlock (C:\\Users\\Jon\\source\\repos\\table-technical-interview\\node_modules\\jest-circus\\build\\run.js:57:9)\n    at _runTestsForDescribeBlock (C:\\Users\\Jon\\source\\repos\\table-technical-interview\\node_modules\\jest-circus\\build\\run.js:57:9)\n    at run (C:\\Users\\Jon\\source\\repos\\table-technical-interview\\node_modules\\jest-circus\\build\\run.js:25:3)\n    at runAndTransformResultsToJestFormat (C:\\Users\\Jon\\source\\repos\\table-technical-interview\\node_modules\\jest-circus\\build\\legacy-code-todo-rewrite\\jestAdapterInit.js:176:21)\n    at jestAdapter (C:\\Users\\Jon\\source\\repos\\table-technical-interview\\node_modules\\jest-circus\\build\\legacy-code-todo-rewrite\\jestAdapter.js:109:19)\n    at runTestInternal (C:\\Users\\Jon\\source\\repos\\table-technical-interview\\node_modules\\jest-runner\\build\\runTest.js:380:16)\n    at runTest (C:\\Users\\Jon\\source\\repos\\table-technical-interview\\node_modules\\jest-runner\\build\\runTest.js:472:34)\n    at Object.worker (C:\\Users\\Jon\\source\\repos\\table-technical-interview\\node_modules\\jest-runner\\build\\testWorker.js:133:12)"],"fullName":"Table in Sortable state should sort the \"Department\" column in ascending order","location":null,"status":"failed","title":"in ascending order"},{"ancestorTitles":["Table","in Sortable state","should sort the \"Department\" column"],"failureMessages":["Error: Expected [Software,Product,Software,Legal] to be sorted in descending order\n    at Object.<anonymous> (C:\\Users\\Jon\\source\\repos\\table-technical-interview\\src\\stories\\Table.default.sortable.spec.tsx:139:23)\n    at Promise.then.completed (C:\\Users\\Jon\\source\\repos\\table-technical-interview\\node_modules\\jest-circus\\build\\utils.js:276:28)\n    at new Promise (<anonymous>)\n    at callAsyncCircusFn (C:\\Users\\Jon\\source\\repos\\table-technical-interview\\node_modules\\jest-circus\\build\\utils.js:216:10)\n    at _callCircusTest (C:\\Users\\Jon\\source\\repos\\table-technical-interview\\node_modules\\jest-circus\\build\\run.js:212:40)\n    at processTicksAndRejections (internal/process/task_queues.js:95:5)\n    at _runTest (C:\\Users\\Jon\\source\\repos\\table-technical-interview\\node_modules\\jest-circus\\build\\run.js:149:3)\n    at _runTestsForDescribeBlock (C:\\Users\\Jon\\source\\repos\\table-technical-interview\\node_modules\\jest-circus\\build\\run.js:63:9)\n    at _runTestsForDescribeBlock (C:\\Users\\Jon\\source\\repos\\table-technical-interview\\node_modules\\jest-circus\\build\\run.js:57:9)\n    at _runTestsForDescribeBlock (C:\\Users\\Jon\\source\\repos\\table-technical-interview\\node_modules\\jest-circus\\build\\run.js:57:9)\n    at _runTestsForDescribeBlock (C:\\Users\\Jon\\source\\repos\\table-technical-interview\\node_modules\\jest-circus\\build\\run.js:57:9)\n    at run (C:\\Users\\Jon\\source\\repos\\table-technical-interview\\node_modules\\jest-circus\\build\\run.js:25:3)\n    at runAndTransformResultsToJestFormat (C:\\Users\\Jon\\source\\repos\\table-technical-interview\\node_modules\\jest-circus\\build\\legacy-code-todo-rewrite\\jestAdapterInit.js:176:21)\n    at jestAdapter (C:\\Users\\Jon\\source\\repos\\table-technical-interview\\node_modules\\jest-circus\\build\\legacy-code-todo-rewrite\\jestAdapter.js:109:19)\n    at runTestInternal (C:\\Users\\Jon\\source\\repos\\table-technical-interview\\node_modules\\jest-runner\\build\\runTest.js:380:16)\n    at runTest (C:\\Users\\Jon\\source\\repos\\table-technical-interview\\node_modules\\jest-runner\\build\\runTest.js:472:34)\n    at Object.worker (C:\\Users\\Jon\\source\\repos\\table-technical-interview\\node_modules\\jest-runner\\build\\testWorker.js:133:12)"],"fullName":"Table in Sortable state should sort the \"Department\" column in descending order","location":null,"status":"failed","title":"in descending order"}],"endTime":1626077379416,"message":"\u001b[1m\u001b[31m  \u001b[1m● \u001b[22m\u001b[1mTable › in Sortable state › should sort the \"Name\" column › in ascending order\u001b[39m\u001b[22m\n\n    Expected [Ludo,Filip,Jon,Maura] to be sorted in ascending order\n\u001b[2m\u001b[22m\n\u001b[2m    \u001b[0m \u001b[90m 38 |\u001b[39m         \u001b[90m//assert\u001b[39m\u001b[0m\u001b[22m\n\u001b[2m    \u001b[0m \u001b[90m 39 |\u001b[39m         expect(texts\u001b[33m.\u001b[39mlength)\u001b[33m.\u001b[39mtoBeGreaterThan(\u001b[35m0\u001b[39m)\u001b[33m;\u001b[39m\u001b[0m\u001b[22m\n\u001b[2m    \u001b[0m\u001b[31m\u001b[1m>\u001b[22m\u001b[2m\u001b[39m\u001b[90m 40 |\u001b[39m         expect(texts)\u001b[33m.\u001b[39mtoBeSorted()\u001b[33m;\u001b[39m\u001b[0m\u001b[22m\n\u001b[2m    \u001b[0m \u001b[90m    |\u001b[39m                       \u001b[31m\u001b[1m^\u001b[22m\u001b[2m\u001b[39m\u001b[0m\u001b[22m\n\u001b[2m    \u001b[0m \u001b[90m 41 |\u001b[39m       })\u001b[33m;\u001b[39m\u001b[0m\u001b[22m\n\u001b[2m    \u001b[0m \u001b[90m 42 |\u001b[39m\u001b[0m\u001b[22m\n\u001b[2m    \u001b[0m \u001b[90m 43 |\u001b[39m       test(\u001b[32m'in descending order'\u001b[39m\u001b[33m,\u001b[39m () \u001b[33m=>\u001b[39m {\u001b[0m\u001b[22m\n\u001b[2m\u001b[22m\n\u001b[2m      \u001b[2mat Object.<anonymous> (\u001b[22m\u001b[2m\u001b[0m\u001b[36msrc/stories/Table.default.sortable.spec.tsx\u001b[39m\u001b[0m\u001b[2m:40:23)\u001b[22m\u001b[2m\u001b[22m\n\n\u001b[1m\u001b[31m  \u001b[1m● \u001b[22m\u001b[1mTable › in Sortable state › should sort the \"Name\" column › in descending order\u001b[39m\u001b[22m\n\n    Expected [Ludo,Filip,Jon,Maura] to be sorted in descending order\n\u001b[2m\u001b[22m\n\u001b[2m    \u001b[0m \u001b[90m 53 |\u001b[39m         \u001b[90m//assert\u001b[39m\u001b[0m\u001b[22m\n\u001b[2m    \u001b[0m \u001b[90m 54 |\u001b[39m         expect(texts\u001b[33m.\u001b[39mlength)\u001b[33m.\u001b[39mtoBeGreaterThan(\u001b[35m0\u001b[39m)\u001b[33m;\u001b[39m\u001b[0m\u001b[22m\n\u001b[2m    \u001b[0m\u001b[31m\u001b[1m>\u001b[22m\u001b[2m\u001b[39m\u001b[90m 55 |\u001b[39m         expect(texts)\u001b[33m.\u001b[39mtoBeSorted({ descending\u001b[33m:\u001b[39m \u001b[36mtrue\u001b[39m })\u001b[33m;\u001b[39m\u001b[0m\u001b[22m\n\u001b[2m    \u001b[0m \u001b[90m    |\u001b[39m                       \u001b[31m\u001b[1m^\u001b[22m\u001b[2m\u001b[39m\u001b[0m\u001b[22m\n\u001b[2m    \u001b[0m \u001b[90m 56 |\u001b[39m       })\u001b[33m;\u001b[39m\u001b[0m\u001b[22m\n\u001b[2m    \u001b[0m \u001b[90m 57 |\u001b[39m     })\u001b[33m;\u001b[39m\u001b[0m\u001b[22m\n\u001b[2m    \u001b[0m \u001b[90m 58 |\u001b[39m\u001b[0m\u001b[22m\n\u001b[2m\u001b[22m\n\u001b[2m      \u001b[2mat Object.<anonymous> (\u001b[22m\u001b[2m\u001b[0m\u001b[36msrc/stories/Table.default.sortable.spec.tsx\u001b[39m\u001b[0m\u001b[2m:55:23)\u001b[22m\u001b[2m\u001b[22m\n\n\u001b[1m\u001b[31m  \u001b[1m● \u001b[22m\u001b[1mTable › in Sortable state › should sort the \"Age\" column › in ascending order\u001b[39m\u001b[22m\n\n    Expected [26,27,30,27] to be sorted in ascending order\n\u001b[2m\u001b[22m\n\u001b[2m    \u001b[0m \u001b[90m 80 |\u001b[39m         \u001b[90m//assert\u001b[39m\u001b[0m\u001b[22m\n\u001b[2m    \u001b[0m \u001b[90m 81 |\u001b[39m         expect(texts\u001b[33m.\u001b[39mlength)\u001b[33m.\u001b[39mtoBeGreaterThan(\u001b[35m0\u001b[39m)\u001b[33m;\u001b[39m\u001b[0m\u001b[22m\n\u001b[2m    \u001b[0m\u001b[31m\u001b[1m>\u001b[22m\u001b[2m\u001b[39m\u001b[90m 82 |\u001b[39m         expect(texts)\u001b[33m.\u001b[39mtoBeSorted()\u001b[33m;\u001b[39m\u001b[0m\u001b[22m\n\u001b[2m    \u001b[0m \u001b[90m    |\u001b[39m                       \u001b[31m\u001b[1m^\u001b[22m\u001b[2m\u001b[39m\u001b[0m\u001b[22m\n\u001b[2m    \u001b[0m \u001b[90m 83 |\u001b[39m       })\u001b[33m;\u001b[39m\u001b[0m\u001b[22m\n\u001b[2m    \u001b[0m \u001b[90m 84 |\u001b[39m\u001b[0m\u001b[22m\n\u001b[2m    \u001b[0m \u001b[90m 85 |\u001b[39m       test(\u001b[32m'in descending order'\u001b[39m\u001b[33m,\u001b[39m () \u001b[33m=>\u001b[39m {\u001b[0m\u001b[22m\n\u001b[2m\u001b[22m\n\u001b[2m      \u001b[2mat Object.<anonymous> (\u001b[22m\u001b[2m\u001b[0m\u001b[36msrc/stories/Table.default.sortable.spec.tsx\u001b[39m\u001b[0m\u001b[2m:82:23)\u001b[22m\u001b[2m\u001b[22m\n\n\u001b[1m\u001b[31m  \u001b[1m● \u001b[22m\u001b[1mTable › in Sortable state › should sort the \"Age\" column › in descending order\u001b[39m\u001b[22m\n\n    Expected [26,27,30,27] to be sorted in descending order\n\u001b[2m\u001b[22m\n\u001b[2m    \u001b[0m \u001b[90m  95 |\u001b[39m         \u001b[90m//assert\u001b[39m\u001b[0m\u001b[22m\n\u001b[2m    \u001b[0m \u001b[90m  96 |\u001b[39m         expect(texts\u001b[33m.\u001b[39mlength)\u001b[33m.\u001b[39mtoBeGreaterThan(\u001b[35m0\u001b[39m)\u001b[33m;\u001b[39m\u001b[0m\u001b[22m\n\u001b[2m    \u001b[0m\u001b[31m\u001b[1m>\u001b[22m\u001b[2m\u001b[39m\u001b[90m  97 |\u001b[39m         expect(texts)\u001b[33m.\u001b[39mtoBeSorted({ descending\u001b[33m:\u001b[39m \u001b[36mtrue\u001b[39m })\u001b[33m;\u001b[39m\u001b[0m\u001b[22m\n\u001b[2m    \u001b[0m \u001b[90m     |\u001b[39m                       \u001b[31m\u001b[1m^\u001b[22m\u001b[2m\u001b[39m\u001b[0m\u001b[22m\n\u001b[2m    \u001b[0m \u001b[90m  98 |\u001b[39m       })\u001b[33m;\u001b[39m\u001b[0m\u001b[22m\n\u001b[2m    \u001b[0m \u001b[90m  99 |\u001b[39m     })\u001b[33m;\u001b[39m\u001b[0m\u001b[22m\n\u001b[2m    \u001b[0m \u001b[90m 100 |\u001b[39m\u001b[0m\u001b[22m\n\u001b[2m\u001b[22m\n\u001b[2m      \u001b[2mat Object.<anonymous> (\u001b[22m\u001b[2m\u001b[0m\u001b[36msrc/stories/Table.default.sortable.spec.tsx\u001b[39m\u001b[0m\u001b[2m:97:23)\u001b[22m\u001b[2m\u001b[22m\n\n\u001b[1m\u001b[31m  \u001b[1m● \u001b[22m\u001b[1mTable › in Sortable state › should sort the \"Department\" column › in ascending order\u001b[39m\u001b[22m\n\n    Expected [Software,Product,Software,Legal] to be sorted in ascending order\n\u001b[2m\u001b[22m\n\u001b[2m    \u001b[0m \u001b[90m 122 |\u001b[39m         \u001b[90m//assert\u001b[39m\u001b[0m\u001b[22m\n\u001b[2m    \u001b[0m \u001b[90m 123 |\u001b[39m         expect(texts\u001b[33m.\u001b[39mlength)\u001b[33m.\u001b[39mtoBeGreaterThan(\u001b[35m0\u001b[39m)\u001b[33m;\u001b[39m\u001b[0m\u001b[22m\n\u001b[2m    \u001b[0m\u001b[31m\u001b[1m>\u001b[22m\u001b[2m\u001b[39m\u001b[90m 124 |\u001b[39m         expect(texts)\u001b[33m.\u001b[39mtoBeSorted()\u001b[33m;\u001b[39m\u001b[0m\u001b[22m\n\u001b[2m    \u001b[0m \u001b[90m     |\u001b[39m                       \u001b[31m\u001b[1m^\u001b[22m\u001b[2m\u001b[39m\u001b[0m\u001b[22m\n\u001b[2m    \u001b[0m \u001b[90m 125 |\u001b[39m       })\u001b[33m;\u001b[39m\u001b[0m\u001b[22m\n\u001b[2m    \u001b[0m \u001b[90m 126 |\u001b[39m\u001b[0m\u001b[22m\n\u001b[2m    \u001b[0m \u001b[90m 127 |\u001b[39m       test(\u001b[32m'in descending order'\u001b[39m\u001b[33m,\u001b[39m () \u001b[33m=>\u001b[39m {\u001b[0m\u001b[22m\n\u001b[2m\u001b[22m\n\u001b[2m      \u001b[2mat Object.<anonymous> (\u001b[22m\u001b[2m\u001b[0m\u001b[36msrc/stories/Table.default.sortable.spec.tsx\u001b[39m\u001b[0m\u001b[2m:124:23)\u001b[22m\u001b[2m\u001b[22m\n\n\u001b[1m\u001b[31m  \u001b[1m● \u001b[22m\u001b[1mTable › in Sortable state › should sort the \"Department\" column › in descending order\u001b[39m\u001b[22m\n\n    Expected [Software,Product,Software,Legal] to be sorted in descending order\n\u001b[2m\u001b[22m\n\u001b[2m    \u001b[0m \u001b[90m 137 |\u001b[39m         \u001b[90m//assert\u001b[39m\u001b[0m\u001b[22m\n\u001b[2m    \u001b[0m \u001b[90m 138 |\u001b[39m         expect(texts\u001b[33m.\u001b[39mlength)\u001b[33m.\u001b[39mtoBeGreaterThan(\u001b[35m0\u001b[39m)\u001b[33m;\u001b[39m\u001b[0m\u001b[22m\n\u001b[2m    \u001b[0m\u001b[31m\u001b[1m>\u001b[22m\u001b[2m\u001b[39m\u001b[90m 139 |\u001b[39m         expect(texts)\u001b[33m.\u001b[39mtoBeSorted({ descending\u001b[33m:\u001b[39m \u001b[36mtrue\u001b[39m })\u001b[33m;\u001b[39m\u001b[0m\u001b[22m\n\u001b[2m    \u001b[0m \u001b[90m     |\u001b[39m                       \u001b[31m\u001b[1m^\u001b[22m\u001b[2m\u001b[39m\u001b[0m\u001b[22m\n\u001b[2m    \u001b[0m \u001b[90m 140 |\u001b[39m       })\u001b[33m;\u001b[39m\u001b[0m\u001b[22m\n\u001b[2m    \u001b[0m \u001b[90m 141 |\u001b[39m     })\u001b[33m;\u001b[39m\u001b[0m\u001b[22m\n\u001b[2m    \u001b[0m \u001b[90m 142 |\u001b[39m   })\u001b[33m;\u001b[39m\u001b[0m\u001b[22m\n\u001b[2m\u001b[22m\n\u001b[2m      \u001b[2mat Object.<anonymous> (\u001b[22m\u001b[2m\u001b[0m\u001b[36msrc/stories/Table.default.sortable.spec.tsx\u001b[39m\u001b[0m\u001b[2m:139:23)\u001b[22m\u001b[2m\u001b[22m\n","name":"C:\\Users\\Jon\\source\\repos\\table-technical-interview\\src\\stories\\Table.default.sortable.spec.tsx","startTime":1626077375119,"status":"failed","summary":""}],"wasInterrupted":false}