{"numFailedTestSuites":0,"numFailedTests":0,"numPassedTestSuites":5,"numPassedTests":22,"numPendingTestSuites":0,"numPendingTests":0,"numRuntimeErrorTestSuites":0,"numTodoTests":0,"numTotalTestSuites":5,"numTotalTests":22,"openHandles":[],"snapshot":{"added":0,"didUpdate":false,"failure":false,"filesAdded":0,"filesRemoved":0,"filesRemovedList":[],"filesUnmatched":0,"filesUpdated":0,"matched":0,"total":0,"unchecked":0,"uncheckedKeysByFile":[],"unmatched":0,"updated":0},"startTime":1629814632933,"success":true,"testResults":[{"assertionResults":[{"ancestorTitles":["Table","in Basic state"],"failureMessages":[],"fullName":"Table in Basic state should render with empty array","location":null,"status":"passed","title":"should render with empty array"},{"ancestorTitles":["Table","in Basic state"],"failureMessages":[],"fullName":"Table in Basic state should render with non empty array","location":null,"status":"passed","title":"should render with non empty array"},{"ancestorTitles":["Table","in Basic state"],"failureMessages":[],"fullName":"Table in Basic state should render 4 rows","location":null,"status":"passed","title":"should render 4 rows"},{"ancestorTitles":["Table","in Basic state"],"failureMessages":[],"fullName":"Table in Basic state should render 3 columns","location":null,"status":"passed","title":"should render 3 columns"},{"ancestorTitles":["Table","in Basic state"],"failureMessages":[],"fullName":"Table in Basic state should not render sort actions","location":null,"status":"passed","title":"should not render sort actions"}],"endTime":1629814637876,"message":"","name":"C:\\Projects\\table-technical-interview\\src\\stories\\Table.default.basic.spec.tsx","startTime":1629814634032,"status":"passed","summary":""},{"assertionResults":[{"ancestorTitles":["Table","in Sortable state"],"failureMessages":[],"fullName":"Table in Sortable state should render sort actions for all the columns","location":null,"status":"passed","title":"should render sort actions for all the columns"},{"ancestorTitles":["Table","in Sortable state","should sort the \"Name\" column"],"failureMessages":[],"fullName":"Table in Sortable state should sort the \"Name\" column in ascending order","location":null,"status":"passed","title":"in ascending order"},{"ancestorTitles":["Table","in Sortable state","should sort the \"Name\" column"],"failureMessages":[],"fullName":"Table in Sortable state should sort the \"Name\" column in descending order","location":null,"status":"passed","title":"in descending order"},{"ancestorTitles":["Table","in Sortable state","should sort the \"Age\" column"],"failureMessages":[],"fullName":"Table in Sortable state should sort the \"Age\" column in ascending order","location":null,"status":"passed","title":"in ascending order"},{"ancestorTitles":["Table","in Sortable state","should sort the \"Age\" column"],"failureMessages":[],"fullName":"Table in Sortable state should sort the \"Age\" column in descending order","location":null,"status":"passed","title":"in descending order"},{"ancestorTitles":["Table","in Sortable state","should sort the \"Department\" column"],"failureMessages":[],"fullName":"Table in Sortable state should sort the \"Department\" column in ascending order","location":null,"status":"passed","title":"in ascending order"},{"ancestorTitles":["Table","in Sortable state","should sort the \"Department\" column"],"failureMessages":[],"fullName":"Table in Sortable state should sort the \"Department\" column in descending order","location":null,"status":"passed","title":"in descending order"}],"endTime":1629814638338,"message":"","name":"C:\\Projects\\table-technical-interview\\src\\stories\\Table.default.sortable.spec.tsx","startTime":1629814634029,"status":"passed","summary":""},{"assertionResults":[{"ancestorTitles":["Table","in Basic state"],"failureMessages":[],"fullName":"Table in Basic state should render with empty array","location":null,"status":"passed","title":"should render with empty array"},{"ancestorTitles":["Table","in Basic state"],"failureMessages":[],"fullName":"Table in Basic state should render with non empty array","location":null,"status":"passed","title":"should render with non empty array"},{"ancestorTitles":["Table","in Basic state"],"failureMessages":[],"fullName":"Table in Basic state should render 4 rows","location":null,"status":"passed","title":"should render 4 rows"},{"ancestorTitles":["Table","in Basic state"],"failureMessages":[],"fullName":"Table in Basic state should render 2 columns","location":null,"status":"passed","title":"should render 2 columns"},{"ancestorTitles":["Table","in Basic state"],"failureMessages":[],"fullName":"Table in Basic state should not render the \"Age\" column","location":null,"status":"passed","title":"should not render the \"Age\" column"},{"ancestorTitles":["Table","in Basic state"],"failureMessages":[],"fullName":"Table in Basic state should render the \"Name\" column","location":null,"status":"passed","title":"should render the \"Name\" column"},{"ancestorTitles":["Table","in Basic state"],"failureMessages":[],"fullName":"Table in Basic state should render the \"Department\" column","location":null,"status":"passed","title":"should render the \"Department\" column"}],"endTime":1629814638392,"message":"","name":"C:\\Projects\\table-technical-interview\\src\\stories\\Table.custom.basic.spec.tsx","startTime":1629814637900,"status":"passed","summary":""},{"assertionResults":[{"ancestorTitles":["Table","when the 'sortable' column property is specified"],"failureMessages":[],"fullName":"Table when the 'sortable' column property is specified should override table's configuration","location":null,"status":"passed","title":"should override table's configuration"}],"endTime":1629814638690,"message":"","name":"C:\\Projects\\table-technical-interview\\src\\stories\\Table.custom.not-sortable-column.spec.tsx","startTime":1629814638406,"status":"passed","summary":""},{"assertionResults":[{"ancestorTitles":["Table","when the column has custom comparator"],"failureMessages":[],"fullName":"Table when the column has custom comparator should sort in descending order with reverse custom logic","location":null,"status":"passed","title":"should sort in descending order with reverse custom logic"},{"ancestorTitles":["Table","when the column has custom comparator"],"failureMessages":[],"fullName":"Table when the column has custom comparator should sort in ascending order with reverse custom logic","location":null,"status":"passed","title":"should sort in ascending order with reverse custom logic"}],"endTime":1629814638737,"message":"","name":"C:\\Projects\\table-technical-interview\\src\\stories\\Table.custom.comparator.spec.tsx","startTime":1629814638359,"status":"passed","summary":""}],"wasInterrupted":false}